<?xml version="1.0" encoding="UTF-8"?>
<!-- Generated by org.testng.reporters.JUnitXMLReporter -->
<testsuite ignored="2" hostname="DESKTOP-AEI6VM2" failures="0" tests="2" name="Test" time="109.303" errors="0" timestamp="2021-05-22T14:30:58 BDT">
  <testcase classname="com.automation.UserRegistrationOne" name="registration" time="46.669"/>
  <testcase classname="com.automation.UserRegistrationTwoAndOrderConfirm" name="registrationAndBuy" time="62.587"/>
  <testcase classname="com.automation.DriverSetup" name="@BeforeSuite setDriver" time="0.0">
    <ignored/>
  </testcase> <!-- @BeforeSuite setDriver -->
  <testcase classname="com.automation.DriverSetup" name="@AfterSuite close" time="0.0">
    <ignored/>
  </testcase> <!-- @AfterSuite close -->
</testsuite> <!-- Test -->
